mode: set
project1/controllers/orderController.go:13.50,18.14 3 1
project1/controllers/orderController.go:21.2,21.16 1 1
project1/controllers/orderController.go:24.2,24.98 1 1
project1/controllers/orderController.go:18.14,20.3 1 1
project1/controllers/orderController.go:21.16,23.3 1 1
project1/controllers/orderController.go:27.54,32.14 3 1
project1/controllers/orderController.go:35.2,35.16 1 1
project1/controllers/orderController.go:38.2,38.98 1 1
project1/controllers/orderController.go:32.14,34.3 1 0
project1/controllers/orderController.go:35.16,37.3 1 1
project1/controllers/orderController.go:41.53,46.14 3 1
project1/controllers/orderController.go:49.2,49.16 1 1
project1/controllers/orderController.go:52.2,52.105 1 1
project1/controllers/orderController.go:46.14,48.3 1 1
project1/controllers/orderController.go:49.16,51.3 1 1
project1/controllers/orderController.go:56.50,62.14 4 1
project1/controllers/orderController.go:65.2,65.93 1 1
project1/controllers/orderController.go:62.14,64.3 1 1
project1/controllers/orderController.go:68.56,74.15 4 1
project1/controllers/orderController.go:77.2,78.15 2 0
project1/controllers/orderController.go:81.2,81.16 1 0
project1/controllers/orderController.go:85.2,87.97 2 0
project1/controllers/orderController.go:74.15,76.3 1 1
project1/controllers/orderController.go:78.15,80.3 1 0
project1/controllers/orderController.go:81.16,83.3 1 0
project1/controllers/productController.go:15.52,21.30 4 0
project1/controllers/productController.go:24.2,25.14 2 0
project1/controllers/productController.go:28.2,29.97 2 0
project1/controllers/productController.go:21.30,23.3 1 0
project1/controllers/productController.go:25.14,27.3 1 0
project1/controllers/productController.go:33.50,36.14 2 0
project1/controllers/productController.go:39.2,39.19 1 0
project1/controllers/productController.go:42.2,42.97 1 0
project1/controllers/productController.go:36.14,38.3 1 0
project1/controllers/productController.go:39.19,41.3 1 0
project1/controllers/productController.go:46.49,49.16 2 0
project1/controllers/productController.go:53.2,54.14 2 0
project1/controllers/productController.go:57.2,57.18 1 0
project1/controllers/productController.go:60.2,60.97 1 0
project1/controllers/productController.go:49.16,51.3 1 0
project1/controllers/productController.go:54.14,56.3 1 0
project1/controllers/productController.go:57.18,59.3 1 0
project1/controllers/productController.go:64.53,69.14 3 0
project1/controllers/productController.go:72.2,72.18 1 0
project1/controllers/productController.go:75.2,75.102 1 0
project1/controllers/productController.go:69.14,71.3 1 0
project1/controllers/productController.go:72.18,74.3 1 0
project1/controllers/productController.go:79.52,82.14 2 0
project1/controllers/productController.go:87.2,89.24 3 0
project1/controllers/productController.go:93.2,98.92 5 0
project1/controllers/productController.go:82.14,84.3 1 0
project1/controllers/productController.go:89.24,91.3 1 0
project1/controllers/productController.go:102.52,105.16 2 0
project1/controllers/productController.go:109.2,111.24 3 0
project1/controllers/productController.go:115.2,116.86 2 0
project1/controllers/productController.go:105.16,107.3 1 0
project1/controllers/productController.go:111.24,113.3 1 0
project1/controllers/userController.go:17.49,22.16 4 0
project1/controllers/userController.go:27.2,30.4 1 0
project1/controllers/userController.go:22.16,26.3 1 0
project1/controllers/userController.go:34.50,36.16 2 0
project1/controllers/userController.go:41.2,44.4 1 0
project1/controllers/userController.go:36.16,40.3 1 0
project1/controllers/userController.go:48.52,51.16 3 0
project1/controllers/userController.go:56.2,59.4 1 0
project1/controllers/userController.go:51.16,55.3 1 0
project1/controllers/userController.go:63.47,66.16 3 0
project1/controllers/userController.go:71.2,72.16 2 0
project1/controllers/userController.go:79.2,82.4 1 0
project1/controllers/userController.go:66.16,70.3 1 0
project1/controllers/userController.go:72.16,77.3 1 0
project1/controllers/userController.go:86.49,88.16 2 0
project1/controllers/userController.go:93.2,94.16 2 0
project1/controllers/userController.go:100.2,102.4 1 0
project1/controllers/userController.go:88.16,92.3 1 0
project1/controllers/userController.go:94.16,99.3 1 0
project1/controllers/userController.go:106.49,109.16 3 0
project1/controllers/userController.go:114.2,115.16 2 0
project1/controllers/userController.go:121.2,124.4 1 0
project1/controllers/userController.go:109.16,113.3 1 0
project1/controllers/userController.go:115.16,120.3 1 0
